<?xml version="1.0" encoding="UTF-8" standalone="no"?>
<testsuite errors="0" failures="0" name="io.cucumber.core.plugin.JUnitFormatter" skipped="0" tests="2" time="0.025">
    <testcase classname="Check home page functionality" name="Check logout link" time="0.004">
        <system-out><![CDATA[Given user in a login page..................................................passed
When user enter usn and pwd.................................................passed
And clicking at login button................................................passed
Then user is navigated to the homepage......................................passed
When user click on welcome link.............................................passed
Then logout link is displayed...............................................passed
]]></system-out>
    </testcase>
    <testcase classname="Check home page functionality" name="Verify quick launch toolbar is presen" time="0.001">
        <system-out><![CDATA[Given user in a login page..................................................passed
When user enter usn and pwd.................................................passed
And clicking at login button................................................passed
Then user is navigated to the homepage......................................passed
When user click on dashboard link...........................................passed
Then quick launch toolbar is displayed......................................passed
]]></system-out>
    </testcase>
</testsuite>
